[Client I] GitHub Codespaces version 1.17.3
[Client I] isRunningInWeb: "true"
[Client V] Initializing authentication
[API I] Successfully signed in
[Client:extension:9177 I] initializing
[Client:extension:9177:resolver I] created with protocol "codespaces"
[RemoteExplorer I] Updating codespace performance info
[DevContainerJsonSupport I] Initializing devcontainer.json support package
[DevContainerJsonSupport V] [2025-02-17T16:20:55.095Z] Internal initialization of dev container support package...

[Client I] Connecting to current codespace: redesigned-rotary-phone-pjw459p59ww7f96r6
[Command:Connect I] Decorator starting: ErrorNotification
[Command:Connect I] Decorator starting: Telemetry
[Client I] Jupyter API registered? false
[API:retries-left-2 I] making GET request for "https://api.github.com/user/codespaces/redesigned-rotary-phone-pjw459p59ww7f96r6"
[RemoteExplorer I] Updating codespace performance info
[Client:extension:9177:resolver:resolve:1 I] resolve retry #3
[Client:extension:9177:resolver:resolve:1 I] resolving "codespaces+redesigned-rotary-phone-pjw459p59ww7f96r6"
[Client:extension:9177:resolver:resolve:1 I] codespace: "redesigned-rotary-phone-pjw459p59ww7f96r6", fetching details
[Client:extension:9177:resolver:resolve:1:fetch-codespace-info I] fetching codespace details for "redesigned-rotary-phone-pjw459p59ww7f96r6"
[Client:extension:9177:resolver:resolve:1:fetch-codespace-info I] signed in, getting the details
[Client:extension:9177:resolver:resolve:1:fetch-codespace-info I] fetching codespace "redesigned-rotary-phone-pjw459p59ww7f96r6" (retries left: 2)
[API:retries-left-2 I] making GET request for "https://api.github.com/user/codespaces/redesigned-rotary-phone-pjw459p59ww7f96r6"
[RemoteExplorer I] Updating codespace performance info
[Client:extension:9177:resolver I] successfully fetched codespace details> object #0: {
  "id": 24857594,
  "name": "<41:<redacted>>",
  "environment_id": "3a635644-8c0b-410c-903e-166a89826c52",
  "owner": "<undefined:<redacted>>",
  "billable_owner": {
    "login": "Andrewlama123",
    "id": 199633749,
    "node_id": "U_kgDOC-YrVQ",
    "avatar_url": "https://avatars.githubusercontent.com/u/199633749?v=4",
    "gravatar_id": "",
    "url": "https://api.github.com/users/Andrewlama123",
    "html_url": "https://github.com/Andrewlama123",
    "followers_url": "https://api.github.com/users/Andrewlama123/followers",
    "following_url": "https://api.github.com/users/Andrewlama123/following{/other_user}",
    "gists_url": "https://api.github.com/users/Andrewlama123/gists{/gist_id}",
    "starred_url": "https://api.github.com/users/Andrewlama123/starred{/owner}{/repo}",
    "subscriptions_url": "https://api.github.com/users/Andrewlama123/subscriptions",
    "organizations_url": "https://api.github.com/users/Andrewlama123/orgs",
    "repos_url": "https://api.github.com/users/Andrewlama123/repos",
    "events_url": "https://api.github.com/users/Andrewlama123/events{/privacy}",
    "received_events_url": "https://api.github.com/users/Andrewlama123/received_events",
    "type": "User",
    "user_view_type": "public",
    "site_admin": false
  },
  "repository": {
    "id": 328887217,
    "node_id": "MDEwOlJlcG9zaXRvcnkzMjg4ODcyMTc=",
    "name": "<11:<redacted>>",
    "full_name": "RikkaApps/Shizuku-API",
    "private": false,
    "owner": "<undefined:<redacted>>",
    "html_url": "https://github.com/RikkaApps/Shizuku-API",
    "description": "The API and the developer guide for Shizuku and Sui.",
    "fork": false,
    "url": "https://api.github.com/repos/RikkaApps/Shizuku-API",
    "forks_url": "https://api.github.com/repos/RikkaApps/Shizuku-API/forks",
    "keys_url": "https://api.github.com/repos/RikkaApps/Shizuku-API/keys{/key_id}",
    "collaborators_url": "https://api.github.com/repos/RikkaApps/Shizuku-API/collaborators{/collaborator}",
    "teams_url": "https://api.github.com/repos/RikkaApps/Shizuku-API/teams",
    "hooks_url": "https://api.github.com/repos/RikkaApps/Shizuku-API/hooks",
    "issue_events_url": "https://api.github.com/repos/RikkaApps/Shizuku-API/issues/events{/number}",
    "events_url": "https://api.github.com/repos/RikkaApps/Shizuku-API/events",
    "assignees_url": "https://api.github.com/repos/RikkaApps/Shizuku-API/assignees{/user}",
    "branches_url": "https://api.github.com/repos/RikkaApps/Shizuku-API/branches{/branch}",
    "tags_url": "https://api.github.com/repos/RikkaApps/Shizuku-API/tags",
    "blobs_url": "https://api.github.com/repos/RikkaApps/Shizuku-API/git/blobs{/sha}",
    "git_tags_url": "https://api.github.com/repos/RikkaApps/Shizuku-API/git/tags{/sha}",
    "git_refs_url": "https://api.github.com/repos/RikkaApps/Shizuku-API/git/refs{/sha}",
    "trees_url": "https://api.github.com/repos/RikkaApps/Shizuku-API/git/trees{/sha}",
    "statuses_url": "https://api.github.com/repos/RikkaApps/Shizuku-API/statuses/{sha}",
    "languages_url": "https://api.github.com/repos/RikkaApps/Shizuku-API/languages",
    "stargazers_url": "https://api.github.com/repos/RikkaApps/Shizuku-API/stargazers",
    "contributors_url": "https://api.github.com/repos/RikkaApps/Shizuku-API/contributors",
    "subscribers_url": "https://api.github.com/repos/RikkaApps/Shizuku-API/subscribers",
    "subscription_url": "https://api.github.com/repos/RikkaApps/Shizuku-API/subscription",
    "commits_url": "https://api.github.com/repos/RikkaApps/Shizuku-API/commits{/sha}",
    "git_commits_url": "https://api.github.com/repos/RikkaApps/Shizuku-API/git/commits{/sha}",
    "comments_url": "https://api.github.com/repos/RikkaApps/Shizuku-API/comments{/number}",
    "issue_comment_url": "https://api.github.com/repos/RikkaApps/Shizuku-API/issues/comments{/number}",
    "contents_url": "https://api.github.com/repos/RikkaApps/Shizuku-API/contents/{+path}",
    "compare_url": "https://api.github.com/repos/RikkaApps/Shizuku-API/compare/{base}...{head}",
    "merges_url": "https://api.github.com/repos/RikkaApps/Shizuku-API/merges",
    "archive_url": "https://api.github.com/repos/RikkaApps/Shizuku-API/{archive_format}{/ref}",
    "downloads_url": "https://api.github.com/repos/RikkaApps/Shizuku-API/downloads",
    "issues_url": "https://api.github.com/repos/RikkaApps/Shizuku-API/issues{/number}",
    "pulls_url": "https://api.github.com/repos/RikkaApps/Shizuku-API/pulls{/number}",
    "milestones_url": "https://api.github.com/repos/RikkaApps/Shizuku-API/milestones{/number}",
    "notifications_url": "https://api.github.com/repos/RikkaApps/Shizuku-API/notifications{?since,all,participating}",
    "labels_url": "https://api.github.com/repos/RikkaApps/Shizuku-API/labels{/name}",
    "releases_url": "https://api.github.com/repos/RikkaApps/Shizuku-API/releases{/id}",
    "deployments_url": "https://api.github.com/repos/RikkaApps/Shizuku-API/deployments"
  },
  "machine": {
    "name": "<14:<redacted>>",
    "display_name": "2 cores, 8 GB RAM, 32 GB storage",
    "operating_system": "linux",
    "storage_in_bytes": 34359738368,
    "memory_in_bytes": 8589934592,
    "cpus": 2,
    "prebuild_availability": null
  },
  "prebuild": null,
  "created_at": "2025-02-18T00:18:04+08:00",
  "updated_at": "2025-02-18T00:21:00+08:00",
  "last_used_at": "2025-02-18T00:18:04+08:00",
  "state": "Available",
  "url": "https://api.github.com/user/codespaces/redesigned-rotary-phone-pjw459p59ww7f96r6",
  "git_status": {
    "ahead": 0,
    "behind": 0,
    "has_unpushed_changes": false,
    "has_uncommitted_changes": false,
    "ref": "HEAD"
  },
  "location": "SouthEastAsia",
  "idle_timeout_minutes": 30,
  "web_url": "https://redesigned-rotary-phone-pjw459p59ww7f96r6.github.dev",
  "machines_url": "https://api.github.com/user/codespaces/redesigned-rotary-phone-pjw459p59ww7f96r6/machines",
  "start_url": "https://api.github.com/user/codespaces/redesigned-rotary-phone-pjw459p59ww7f96r6/start",
  "stop_url": "https://api.github.com/user/codespaces/redesigned-rotary-phone-pjw459p59ww7f96r6/stop",
  "pulls_url": null,
  "recent_folders": [
    "/workspaces/Shizuku-API"
  ],
  "runtime_constraints": {
    "allowed_port_privacy_settings": [
      "private",
      "public"
    ]
  },
  "connection": {
    "sessionPath": "/workspaces/Shizuku-API",
    "tunnelProperties": {
      "tunnelId": "majestic-pond-6hbf26x",
      "clusterId": "asse",
      "domain": "app.github.dev",
      "connectAccessToken": "<392:<redacted>>",
      "managePortsAccessToken": "<398:<redacted>>",
      "serviceUri": "https://global.rel.tunnels.api.visualstudio.com/"
    }
  },
  "container_id": "37a923b0ef4e008057d27a2853b556c7127ffec4304ae97116d8dc22dd90d93f",
  "display_name": "redesigned rotary-phone",
  "devcontainer_path": null,
  "pending_operation": false,
  "feature_flags": {
    "developer": false,
    "detailedActivityMonitor": false,
    "vscodeAccountSwitching": false,
    "enableSmbDiagnosticContinuousMonitoring": false,
    "enableSmbDiagnosticOnAnomalyMonitoring": false,
    "useEarlyWorkbenchWebClient": true,
    "useCoiWebClient": false,
    "remapUserNamespace": false,
    "removeConnectRetriesWebClient": true,
    "storageV2ExhaustiveValidation": false,
    "forcePushShutdownTelemetry": true,
    "useNewJupyterApi": true,
    "improvedWarmupContainerReuse": true,
    "storageV2ComprehensiveDiagnosticsCollection": false,
    "usingCopilotWorkspaceConfig": true,
    "copilotWorkspace": false,
    "hostnameSpecificGitCredentialHelper": true,
    "Basis": true,
    "Skuheapscaling": true,
    "CacheIde": true,
    "Developer": false,
    "Eap": false
  },
  "retention_period_minutes": 43200,
  "retention_expires_at": null,
  "template": null,
  "publish_url": null
}
[RemoteExplorer I] Updating codespace performance info
[Client:extension:9177:resolver:resolve:1:check-codespace-state I] codespace redesigned-rotary-phone-pjw459p59ww7f96r6 (id: 3a635644-8c0b-410c-903e-166a89826c52) is in the "Default" state
[Client:extension:9177:resolver:resolve:1:check-codespace-state I] noop
[Client:extension:9177:resolver I] Initializing RPC client
[Client:extension:9177:resolver I] Running in web, using unix socket for communication
[Client:extension:9177:resolver I] Initializing Node-based codespace host service client
[Client:extension:9177:resolver I] Initializing Node-based VS Code server host service client
[Client:extension:9177:resolver I] Initializing Node-based Jupyter server host service client
[Client:extension:9177:resolver:resolve:1:check-codespace-state I] vscode connection options: > object #0: {
  "environmentId": "3a635644-8c0b-410c-903e-166a89826c52",
  "vsCodeCommit": "e54c774e0add60467559eb0d1e229c6452cf8447",
  "vsCodeQuality": "stable",
  "extensions": [
    "GitHub.codespaces",
    "GitHub.vscode-pull-request-github"
  ],
  "telemetry": true
}
[RemoteExplorer I] Updating codespace details
[Client:extension:9177:resolver I] Executed start-remote-server using gRPC
[Client:extension:9177:resolver:resolve:1 I] vscode server remote port: "43805", local port: "undefined"}
[Client V] connect duration: 8976 ms
[Client:extension:9177:resolver:resolve:1 I] Progress: Done
[Client:extension:9177:resolver I] Subscribed to event stream
[Client:extension:9177:resolver:resolve:1:background-tasks I] launching background configuration tasks
[Client:extension:9177:resolver:resolve:1:background-tasks I] Running in web, starting post attach command listener without disposable
[Client:extension:9177:resolver:resolve:1:background-tasks:post-attach-command-manager I] PostAttachCommandManager: addEnvironmentConfiguredEventCallback()
[Client:extension:9177:resolver:resolve:1:background-tasks I] no max idle timeout notice
[Client:extension:9177:resolver:resolve:1:background-tasks V] checking correctness of the codespace session path> object #0: [
  {
    "uri": {
      "$mid": 1,
      "fsPath": "/workspaces/Shizuku-API",
      "external": "file:///workspaces/Shizuku-API",
      "path": "/workspaces/Shizuku-API",
      "scheme": "file"
    },
    "name": "<11:<redacted>>",
    "index": 0
  }
]
[Client:extension:9177:resolver:resolve:1:background-tasks I] Running in web, starting dev container change event listener without disposable
[Client:extension:9177:resolver:resolve:1:background-tasks I] Running in web, starting secrets updated event listener without disposable
[Client:extension:9177:resolver:resolve:1:background-tasks I] Running in web, starting codespace stopping event listener without disposable
[Client:extension:9177:resolver:resolve:1:background-tasks I] starting activity monitor, isRunningInWeb: "true"
[Client:extension:9177:resolver:resolve:1:background-tasks:activity-monitor:vscode-activity-provider I] isRunningInWeb: true
[Client:extension:9177:resolver:resolve:1:background-tasks:activity-monitor:vscode-activity-provider I] starting activity monitor
[Client:extension:9177:resolver:resolve:1:background-tasks:activity-monitor:vscode-activity-provider V] sending activity heartbeat
[Client:extension:9177:resolver:resolve:1:background-tasks I] Running in web, starting user notification event listener without disposable
[Client:extension:9177:resolver:resolve:1:background-tasks:openDefaultFiles I] Skipping openFiles because it's not the first activation
[Command:Connect I] Command [Connect to Codespace]: Connect to Codespace Success (11064ms)
[Command:Connect I] Decorator finishing: Telemetry. Duration: 2ms (1 + 1)
[Command:Connect I] Decorator finishing: ErrorNotification. Duration: 1ms (0 + 1)
[Client:extension:9177:resolver I] Received event: Subscribed
[Client:extension:9177:resolver I] Client d6a25602-5b4e-4a3e-968c-af38ef0306ab subscribed to event stream
[Client:extension:9177:resolver I] Received event: CreationLogUpdated
[Client:extension:9177:resolver I] Event payload: {"text":"Finding image...","type":"inProgress","isStreamingLogs":false}
[Client:extension:9177:resolver I] Received event: CreationLogUpdated
[Client:extension:9177:resolver I] Event payload: {"text":"Image found.","type":"succeeded","isStreamingLogs":false}
[Client:extension:9177:resolver I] Received event: CreationLogUpdated
[Client:extension:9177:resolver I] Event payload: {"text":"Building container...","type":"inProgress","isStreamingLogs":true}
[Client:extension:9177:resolver I] Received event: CreationLogUpdated
[Client:extension:9177:resolver I] Event payload: {"text":"Container built.","type":"succeeded","isStreamingLogs":false}
[Client:extension:9177:resolver I] Received event: EnvironmentConfigured
[Client:extension:9177:resolver:resolve:1:background-tasks:post-attach-command-manager I] PostAttachCommandManager: handleEnvironmentConfiguredEvent()
[Client:extension:9177:resolver:resolve:1:background-tasks:activity-monitor:vscode-activity-provider I] Executed notify-codespace-of-client-activity using gRPC
[Client:extension:9177:resolver:resolve:1:background-tasks:activity-monitor:vscode-activity-provider I] Activity signal sent with result true
[Client:extension:9177:resolver:resolve:1:background-tasks I] Executed get-container-persisted-folder using gRPC
[Client:extension:9177:resolver:resolve:1:background-tasks V] container folder path: "/workspaces/.codespaces/.persistedshare"
[Client:extension:9177:resolver:resolve:1:background-tasks V] shared folder path: "/workspaces/.codespaces/shared/postCreateOutput.json"
[Client:extension:9177:resolver:resolve:1:background-tasks V] shared file path: "/workspaces/.codespaces/shared/postCreateOutput.json"
[Performance I] Executed get-container-persisted-folder using gRPC
[Client:extension:9177:resolver:resolve:1:background-tasks I] Executed is-recovery-container using gRPC
[Client:extension:9177:resolver:resolve:1:background-tasks V] not in recovery container
[ResourceUsage I] Executed get-container-persisted-folder using gRPC
[ResourceUsage V] container folder path: "/workspaces/.codespaces/.persistedshare"
[ResourceUsage V] shared folder path: "/workspaces/.codespaces/shared/resource-usage.json"
[ResourceUsage V] shared file path: "/workspaces/.codespaces/shared/resource-usage.json"
[ResourceUsage I] Starting monitor
[ResourceUsage I] Checking if the codespace connection exists
[ResourceUsage I] Running in web, starting monitor without disposable
[Client:extension:9177:resolver:resolve:1:background-tasks I] Executed configure-environment using gRPC
[Performance I] Starting monitor
[Performance I] Checking if the codespace connection exists
[Performance I] Running in web, starting monitor without disposable
